Build started 1/25/2013 8:28:23 PM.
     1>Project "C:\Users\Hayk\project-thesis\EPOS\windows-library\xJus_EPOS\xJus_EPOS\xJus_EPOS.vcxproj" on node 2 (build target(s)).
     1>InitializeBuildStatus:
         Creating "Debug\xJus_EPOS.unsuccessfulbuild" because "AlwaysCreate" was specified.
       ClCompile:
         All outputs are up-to-date.
         C:\Program Files (x86)\Microsoft Visual Studio 10.0\VC\bin\CL.exe /c /ZI /nologo /W3 /WX- /Od /Oy- /D WIN32 /D _DEBUG /D _CONSOLE /D _UNICODE /D UNICODE /Gm /EHsc /RTC1 /MDd /GS /fp:precise /Zc:wchar_t /Zc:forScope /Yu"StdAfx.h" /Fp"Debug\xJus_EPOS.pch" /Fo"Debug\\" /Fd"Debug\vc100.pdb" /Gd /TP /analyze- /errorReport:prompt xJus_EPOS.cpp
         xJus_EPOS.cpp
       ManifestResourceCompile:
         All outputs are up-to-date.
       Link:
         C:\Program Files (x86)\Microsoft Visual Studio 10.0\VC\bin\link.exe /ERRORREPORT:PROMPT /OUT:"C:\Users\Hayk\project-thesis\EPOS\windows-library\xJus_EPOS\Debug\xJus_EPOS.exe" /INCREMENTAL /NOLOGO EposCmd.lib kernel32.lib user32.lib gdi32.lib winspool.lib comdlg32.lib advapi32.lib shell32.lib ole32.lib oleaut32.lib uuid.lib odbc32.lib odbccp32.lib kernel32.lib user32.lib gdi32.lib winspool.lib comdlg32.lib advapi32.lib shell32.lib ole32.lib oleaut32.lib uuid.lib odbc32.lib odbccp32.lib /MANIFEST /ManifestFile:"Debug\xJus_EPOS.exe.intermediate.manifest" /MANIFESTUAC:"level='asInvoker' uiAccess='false'" /DEBUG /PDB:"C:\Users\Hayk\project-thesis\EPOS\windows-library\xJus_EPOS\Debug\xJus_EPOS.pdb" /SUBSYSTEM:CONSOLE /TLBID:1 /DYNAMICBASE /NXCOMPAT /IMPLIB:"C:\Users\Hayk\project-thesis\EPOS\windows-library\xJus_EPOS\Debug\xJus_EPOS.lib" /MACHINE:X86 Debug\xJus_EPOS.exe.embed.manifest.res
         Debug\stdafx.obj
         Debug\xJus_EPOS.obj
       Manifest:
         C:\Program Files (x86)\Microsoft SDKs\Windows\v7.0A\bin\mt.exe /nologo /verbose /out:"Debug\xJus_EPOS.exe.embed.manifest" /manifest Debug\xJus_EPOS.exe.intermediate.manifest
         All outputs are up-to-date.
       LinkEmbedManifest:
         All outputs are up-to-date.
         xJus_EPOS.vcxproj -> C:\Users\Hayk\project-thesis\EPOS\windows-library\xJus_EPOS\Debug\xJus_EPOS.exe
       FinalizeBuildStatus:
         Deleting file "Debug\xJus_EPOS.unsuccessfulbuild".
         Touching "Debug\xJus_EPOS.lastbuildstate".
     1>Done Building Project "C:\Users\Hayk\project-thesis\EPOS\windows-library\xJus_EPOS\xJus_EPOS\xJus_EPOS.vcxproj" (build target(s)).

Build succeeded.

Time Elapsed 00:00:04.93
