Build started 2/12/2013 9:29:55 PM.
     1>Project "C:\Users\Hayk\project-thesis\EPOS\windows-library\xJus_windows\xJus_windows\xJus_windows.vcxproj" on node 2 (build target(s)).
     1>InitializeBuildStatus:
         Creating "Debug\xJus_windows.unsuccessfulbuild" because "AlwaysCreate" was specified.
       ClCompile:
         c:\Program Files (x86)\Microsoft Visual Studio 10.0\VC\bin\CL.exe /c /ZI /nologo /W3 /WX- /Od /Oy- /D _MBCS /Gm /EHsc /RTC1 /MDd /GS /fp:precise /Zc:wchar_t /Zc:forScope /Fo"Debug\\" /Fd"Debug\vc100.pdb" /Gd /TP /analyze- /errorReport:prompt xJus_windows.cpp
         xJus_windows.cpp
       Link:
         c:\Program Files (x86)\Microsoft Visual Studio 10.0\VC\bin\link.exe /ERRORREPORT:PROMPT /OUT:"C:\Users\Hayk\project-thesis\EPOS\windows-library\xJus_windows\Debug\xJus_windows.exe" /NOLOGO EposCmd.lib kernel32.lib user32.lib gdi32.lib winspool.lib comdlg32.lib advapi32.lib shell32.lib ole32.lib oleaut32.lib uuid.lib odbc32.lib odbccp32.lib kernel32.lib user32.lib gdi32.lib winspool.lib comdlg32.lib advapi32.lib shell32.lib ole32.lib oleaut32.lib uuid.lib odbc32.lib odbccp32.lib /MANIFEST /ManifestFile:"Debug\xJus_windows.exe.intermediate.manifest" /MANIFESTUAC:"level='asInvoker' uiAccess='false'" /DEBUG /PDB:"C:\Users\Hayk\project-thesis\EPOS\windows-library\xJus_windows\Debug\xJus_windows.pdb" /TLBID:1 /DYNAMICBASE /NXCOMPAT /IMPLIB:"C:\Users\Hayk\project-thesis\EPOS\windows-library\xJus_windows\Debug\xJus_windows.lib" /MACHINE:X86 Debug\trajectory.obj
         Debug\xJus_windows.obj
         LINK : C:\Users\Hayk\project-thesis\EPOS\windows-library\xJus_windows\Debug\xJus_windows.exe not found or not built by the last incremental link; performing full link
         xJus_windows.vcxproj -> C:\Users\Hayk\project-thesis\EPOS\windows-library\xJus_windows\Debug\xJus_windows.exe
       Manifest:
         C:\Program Files (x86)\Microsoft SDKs\Windows\v7.0A\bin\mt.exe /nologo /verbose /outputresource:"C:\Users\Hayk\project-thesis\EPOS\windows-library\xJus_windows\Debug\xJus_windows.exe;#1" /manifest Debug\xJus_windows.exe.intermediate.manifest
       FinalizeBuildStatus:
         Deleting file "Debug\xJus_windows.unsuccessfulbuild".
         Touching "Debug\xJus_windows.lastbuildstate".
     1>Done Building Project "C:\Users\Hayk\project-thesis\EPOS\windows-library\xJus_windows\xJus_windows\xJus_windows.vcxproj" (build target(s)).

Build succeeded.

Time Elapsed 00:00:02.53
