This is pdfTeX, Version 3.1415926-2.3-1.40.12 (MiKTeX 2.9) (preloaded format=pdflatex 2013.1.10)  16 JAN 2013 21:17
entering extended mode
**C:/Users/Hayk/project-thesis/Deliverables/Midyear*Report*LaTeX/midyearreport.
tex

("C:/Users/Hayk/project-thesis/Deliverables/Midyear Report LaTeX/midyearreport.
tex"
LaTeX2e <2011/06/27>
Babel <v3.8m> and hyphenation patterns for english, afrikaans, ancientgreek, ar
abic, armenian, assamese, basque, bengali, bokmal, bulgarian, catalan, coptic, 
croatian, czech, danish, dutch, esperanto, estonian, farsi, finnish, french, ga
lician, german, german-x-2009-06-19, greek, gujarati, hindi, hungarian, iceland
ic, indonesian, interlingua, irish, italian, kannada, kurmanji, lao, latin, lat
vian, lithuanian, malayalam, marathi, mongolian, mongolianlmc, monogreek, ngerm
an, ngerman-x-2009-06-19, nynorsk, oriya, panjabi, pinyin, polish, portuguese, 
romanian, russian, sanskrit, serbian, slovak, slovenian, spanish, swedish, swis
sgerman, tamil, telugu, turkish, turkmen, ukenglish, ukrainian, uppersorbian, u
senglishmax, welsh, loaded.
("C:\Program Files (x86)\MiKTeX 2.9\tex\latex\base\article.cls"
Document Class: article 2007/10/19 v1.4h Standard LaTeX document class
("C:\Program Files (x86)\MiKTeX 2.9\tex\latex\base\size11.clo"
File: size11.clo 2007/10/19 v1.4h Standard LaTeX file (size option)
)
\c@part=\count79
\c@section=\count80
\c@subsection=\count81
\c@subsubsection=\count82
\c@paragraph=\count83
\c@subparagraph=\count84
\c@figure=\count85
\c@table=\count86
\abovecaptionskip=\skip41
\belowcaptionskip=\skip42
\bibindent=\dimen102
)
("C:\Program Files (x86)\MiKTeX 2.9\tex\latex\geometry\geometry.sty"
Package: geometry 2010/09/12 v5.6 Page Geometry

("C:\Program Files (x86)\MiKTeX 2.9\tex\latex\graphics\keyval.sty"
Package: keyval 1999/03/16 v1.13 key=value parser (DPC)
\KV@toks@=\toks14
)
("C:\Program Files (x86)\MiKTeX 2.9\tex\generic\oberdiek\ifpdf.sty"
Package: ifpdf 2011/01/30 v2.3 Provides the ifpdf switch (HO)
Package ifpdf Info: pdfTeX in PDF mode is detected.
)
("C:\Program Files (x86)\MiKTeX 2.9\tex\generic\oberdiek\ifvtex.sty"
Package: ifvtex 2010/03/01 v1.5 Detect VTeX and its facilities (HO)
Package ifvtex Info: VTeX not detected.
)
("C:\Program Files (x86)\MiKTeX 2.9\tex\generic\ifxetex\ifxetex.sty"
Package: ifxetex 2010/09/12 v0.6 Provides ifxetex conditional
)
\Gm@cnth=\count87
\Gm@cntv=\count88
\c@Gm@tempcnt=\count89
\Gm@bindingoffset=\dimen103
\Gm@wd@mp=\dimen104
\Gm@odd@mp=\dimen105
\Gm@even@mp=\dimen106
\Gm@layoutwidth=\dimen107
\Gm@layoutheight=\dimen108
\Gm@layouthoffset=\dimen109
\Gm@layoutvoffset=\dimen110
\Gm@dimlist=\toks15

("C:\Program Files (x86)\MiKTeX 2.9\tex\latex\geometry\geometry.cfg"))
("C:\Program Files (x86)\MiKTeX 2.9\tex\latex\ltxmisc\parskip.sty"
Package: parskip 2001/04/09 non-zero parskip adjustments
)
("C:\Program Files (x86)\MiKTeX 2.9\tex\latex\graphics\graphicx.sty"
Package: graphicx 1999/02/16 v1.0f Enhanced LaTeX Graphics (DPC,SPQR)

("C:\Program Files (x86)\MiKTeX 2.9\tex\latex\graphics\graphics.sty"
Package: graphics 2009/02/05 v1.0o Standard LaTeX Graphics (DPC,SPQR)

("C:\Program Files (x86)\MiKTeX 2.9\tex\latex\graphics\trig.sty"
Package: trig 1999/03/16 v1.09 sin cos tan (DPC)
)
("C:\Program Files (x86)\MiKTeX 2.9\tex\latex\00miktex\graphics.cfg"
File: graphics.cfg 2007/01/18 v1.5 graphics configuration of teTeX/TeXLive
)
Package graphics Info: Driver file: pdftex.def on input line 91.

("C:\Program Files (x86)\MiKTeX 2.9\tex\latex\pdftex-def\pdftex.def"
File: pdftex.def 2011/05/27 v0.06d Graphics/color for pdfTeX

("C:\Program Files (x86)\MiKTeX 2.9\tex\generic\oberdiek\infwarerr.sty"
Package: infwarerr 2010/04/08 v1.3 Providing info/warning/error messages (HO)
)
("C:\Program Files (x86)\MiKTeX 2.9\tex\generic\oberdiek\ltxcmds.sty"
Package: ltxcmds 2011/11/09 v1.22 LaTeX kernel commands for general use (HO)
)
\Gread@gobject=\count90
))
\Gin@req@height=\dimen111
\Gin@req@width=\dimen112
)
("C:\Program Files (x86)\MiKTeX 2.9\tex\latex\rotating\rotating.sty"
Package: rotating 2009/03/28 v2.16a rotated objects in LaTeX

("C:\Program Files (x86)\MiKTeX 2.9\tex\latex\base\ifthen.sty"
Package: ifthen 2001/05/26 v1.1c Standard LaTeX ifthen package (DPC)
)
\c@r@tfl@t=\count91
\rotFPtop=\skip43
\rotFPbot=\skip44
\rot@float@box=\box26
\rot@mess@toks=\toks16
)
("C:\Program Files (x86)\MiKTeX 2.9\tex\latex\ams\math\amsmath.sty"
Package: amsmath 2000/07/18 v2.13 AMS math features
\@mathmargin=\skip45

For additional information on amsmath, use the `?' option.
("C:\Program Files (x86)\MiKTeX 2.9\tex\latex\ams\math\amstext.sty"
Package: amstext 2000/06/29 v2.01

("C:\Program Files (x86)\MiKTeX 2.9\tex\latex\ams\math\amsgen.sty"
File: amsgen.sty 1999/11/30 v2.0
\@emptytoks=\toks17
\ex@=\dimen113
))
("C:\Program Files (x86)\MiKTeX 2.9\tex\latex\ams\math\amsbsy.sty"
Package: amsbsy 1999/11/29 v1.2d
\pmbraise@=\dimen114
)
("C:\Program Files (x86)\MiKTeX 2.9\tex\latex\ams\math\amsopn.sty"
Package: amsopn 1999/12/14 v2.01 operator names
)
\inf@bad=\count92
LaTeX Info: Redefining \frac on input line 211.
\uproot@=\count93
\leftroot@=\count94
LaTeX Info: Redefining \overline on input line 307.
\classnum@=\count95
\DOTSCASE@=\count96
LaTeX Info: Redefining \ldots on input line 379.
LaTeX Info: Redefining \dots on input line 382.
LaTeX Info: Redefining \cdots on input line 467.
\Mathstrutbox@=\box27
\strutbox@=\box28
\big@size=\dimen115
LaTeX Font Info:    Redeclaring font encoding OML on input line 567.
LaTeX Font Info:    Redeclaring font encoding OMS on input line 568.
\macc@depth=\count97
\c@MaxMatrixCols=\count98
\dotsspace@=\muskip10
\c@parentequation=\count99
\dspbrk@lvl=\count100
\tag@help=\toks18
\row@=\count101
\column@=\count102
\maxfields@=\count103
\andhelp@=\toks19
\eqnshift@=\dimen116
\alignsep@=\dimen117
\tagshift@=\dimen118
\tagwidth@=\dimen119
\totwidth@=\dimen120
\lineht@=\dimen121
\@envbody=\toks20
\multlinegap=\skip46
\multlinetaggap=\skip47
\mathdisplay@stack=\toks21
LaTeX Info: Redefining \[ on input line 2666.
LaTeX Info: Redefining \] on input line 2667.
)
("C:\Program Files (x86)\MiKTeX 2.9\tex\latex\amsfonts\amsfonts.sty"
Package: amsfonts 2009/06/22 v3.00 Basic AMSFonts support
\symAMSa=\mathgroup4
\symAMSb=\mathgroup5
LaTeX Font Info:    Overwriting math alphabet `\mathfrak' in version `bold'
(Font)                  U/euf/m/n --> U/euf/b/n on input line 96.
)
("C:\Program Files (x86)\MiKTeX 2.9\tex\latex\ams\classes\amsthm.sty"
Package: amsthm 2004/08/06 v2.20
\thm@style=\toks22
\thm@bodyfont=\toks23
\thm@headfont=\toks24
\thm@notefont=\toks25
\thm@headpunct=\toks26
\thm@preskip=\skip48
\thm@postskip=\skip49
\thm@headsep=\skip50
\dth@everypar=\toks27
)
("C:\Program Files (x86)\MiKTeX 2.9\tex\latex\amsfonts\amssymb.sty"
Package: amssymb 2009/06/22 v3.00
)
("C:\Program Files (x86)\MiKTeX 2.9\tex\latex\oberdiek\epstopdf.sty"
Package: epstopdf 2010/02/09 v2.5 Conversion with epstopdf on the fly (HO)

("C:\Program Files (x86)\MiKTeX 2.9\tex\latex\oberdiek\epstopdf-base.sty"
Package: epstopdf-base 2010/02/09 v2.5 Base part for package epstopdf

("C:\Program Files (x86)\MiKTeX 2.9\tex\latex\oberdiek\grfext.sty"
Package: grfext 2010/08/19 v1.1 Manage graphics extensions (HO)

("C:\Program Files (x86)\MiKTeX 2.9\tex\generic\oberdiek\kvdefinekeys.sty"
Package: kvdefinekeys 2011/04/07 v1.3 Define keys (HO)
))
("C:\Program Files (x86)\MiKTeX 2.9\tex\latex\oberdiek\kvoptions.sty"
Package: kvoptions 2011/06/30 v3.11 Key value format for package options (HO)

("C:\Program Files (x86)\MiKTeX 2.9\tex\generic\oberdiek\kvsetkeys.sty"
Package: kvsetkeys 2012/04/25 v1.16 Key value parser (HO)

("C:\Program Files (x86)\MiKTeX 2.9\tex\generic\oberdiek\etexcmds.sty"
Package: etexcmds 2011/02/16 v1.5 Avoid name clashes with e-TeX commands (HO)

("C:\Program Files (x86)\MiKTeX 2.9\tex\generic\oberdiek\ifluatex.sty"
Package: ifluatex 2010/03/01 v1.3 Provides the ifluatex switch (HO)
Package ifluatex Info: LuaTeX not detected.
)
Package etexcmds Info: Could not find \expanded.
(etexcmds)             That can mean that you are not using pdfTeX 1.50 or
(etexcmds)             that some package has redefined \expanded.
(etexcmds)             In the latter case, load this package earlier.
)))
("C:\Program Files (x86)\MiKTeX 2.9\tex\generic\oberdiek\pdftexcmds.sty"
Package: pdftexcmds 2011/11/29 v0.20 Utility functions of pdfTeX for LuaTeX (HO
)
Package pdftexcmds Info: LuaTeX not detected.
Package pdftexcmds Info: \pdf@primitive is available.
Package pdftexcmds Info: \pdf@ifprimitive is available.
Package pdftexcmds Info: \pdfdraftmode found.
)
Package grfext Info: Graphics extension search list:
(grfext)             [.png,.pdf,.jpg,.mps,.jpeg,.jbig2,.jb2,.PNG,.PDF,.JPG,.JPE
G,.JBIG2,.JB2,.eps]
(grfext)             \AppendGraphicsExtensions on input line 452.
))
("C:\Program Files (x86)\MiKTeX 2.9\tex\latex\float\float.sty"
Package: float 2001/11/08 v1.3d Float enhancements (AL)
\c@float@type=\count104
\float@exts=\toks28
\float@box=\box29
\@float@everytoks=\toks29
\@floatcapt=\box30
)
("C:\Program Files (x86)\MiKTeX 2.9\tex\latex\caption\caption.sty"
Package: caption 2013/01/06 v3.3 Customizing captions (AR)

("C:\Program Files (x86)\MiKTeX 2.9\tex\latex\caption\caption3.sty"
Package: caption3 2013/01/06 v1.5 caption3 kernel (AR)
\captionmargin=\dimen122
\captionmargin@=\dimen123
\captionwidth=\dimen124
\caption@tempdima=\dimen125
\caption@indent=\dimen126
\caption@parindent=\dimen127
\caption@hangindent=\dimen128
)
\c@ContinuedFloat=\count105
Package caption Info: float package is loaded.
Package caption Info: rotating package is loaded.
)
("C:\Program Files (x86)\MiKTeX 2.9\tex\latex\ltxmisc\url.sty"
\Urlmuskip=\muskip11
Package: url 2006/04/12  ver 3.3  Verb mode for urls, etc.
)
("C:\Users\Hayk\project-thesis\Deliverables\Midyear Report LaTeX\midyearreport.
aux")
LaTeX Font Info:    Checking defaults for OML/cmm/m/it on input line 35.
LaTeX Font Info:    ... okay on input line 35.
LaTeX Font Info:    Checking defaults for T1/cmr/m/n on input line 35.
LaTeX Font Info:    ... okay on input line 35.
LaTeX Font Info:    Checking defaults for OT1/cmr/m/n on input line 35.
LaTeX Font Info:    ... okay on input line 35.
LaTeX Font Info:    Checking defaults for OMS/cmsy/m/n on input line 35.
LaTeX Font Info:    ... okay on input line 35.
LaTeX Font Info:    Checking defaults for OMX/cmex/m/n on input line 35.
LaTeX Font Info:    ... okay on input line 35.
LaTeX Font Info:    Checking defaults for U/cmr/m/n on input line 35.
LaTeX Font Info:    ... okay on input line 35.

*geometry* driver: auto-detecting
*geometry* detected driver: pdftex
*geometry* verbose mode - [ preamble ] result:
* driver: pdftex
* paper: letterpaper
* layout: <same size as paper>
* layoutoffset:(h,v)=(0.0pt,0.0pt)
* modes: 
* h-part:(L,W,R)=(72.26999pt, 469.75502pt, 72.26999pt)
* v-part:(T,H,B)=(72.26999pt, 650.43001pt, 72.26999pt)
* \paperwidth=614.295pt
* \paperheight=794.96999pt
* \textwidth=469.75502pt
* \textheight=650.43001pt
* \oddsidemargin=0.0pt
* \evensidemargin=0.0pt
* \topmargin=-37.0pt
* \headheight=12.0pt
* \headsep=25.0pt
* \topskip=11.0pt
* \footskip=30.0pt
* \marginparwidth=59.0pt
* \marginparsep=10.0pt
* \columnsep=10.0pt
* \skip\footins=10.0pt plus 4.0pt minus 2.0pt
* \hoffset=0.0pt
* \voffset=0.0pt
* \mag=1000
* \@twocolumnfalse
* \@twosidefalse
* \@mparswitchfalse
* \@reversemarginfalse
* (1in=72.27pt=25.4mm, 1cm=28.453pt)

("C:\Program Files (x86)\MiKTeX 2.9\tex\context\base\supp-pdf.mkii"
[Loading MPS to PDF converter (version 2006.09.02).]
\scratchcounter=\count106
\scratchdimen=\dimen129
\scratchbox=\box31
\nofMPsegments=\count107
\nofMParguments=\count108
\everyMPshowfont=\toks30
\MPscratchCnt=\count109
\MPscratchDim=\dimen130
\MPnumerator=\count110
\makeMPintoPDFobject=\count111
\everyMPtoPDFconversion=\toks31
)
Package caption Info: Begin \AtBeginDocument code.
Package caption Info: End \AtBeginDocument code.
LaTeX Font Info:    Try loading font information for U+msa on input line 37.
 ("C:\Program Files (x86)\MiKTeX 2.9\tex\latex\amsfonts\umsa.fd"
File: umsa.fd 2009/06/22 v3.00 AMS symbols A
)
LaTeX Font Info:    Try loading font information for U+msb on input line 37.

("C:\Program Files (x86)\MiKTeX 2.9\tex\latex\amsfonts\umsb.fd"
File: umsb.fd 2009/06/22 v3.00 AMS symbols B
)
<RHex.jpg, id=1, 1821.9267pt x 1440.3411pt>
File: RHex.jpg Graphic file (type jpg)
 <use RHex.jpg>
Package pdftex.def Info: RHex.jpg used on input line 52.
(pdftex.def)             Requested size: 227.60127pt x 142.26234pt.


LaTeX Warning: `h' float specifier changed to `ht'.

[1

{C:/ProgramData/MiKTeX/2.9/pdftex/config/pdftex.map}]
Package epstopdf Info: Source file: <report_gr1.eps>
(epstopdf)                    date: 2013-01-10 16:21:51
(epstopdf)                    size: 672189 bytes
(epstopdf)             Output file: <report_gr1-eps-converted-to.pdf>
(epstopdf)                    date: 2013-01-10 16:21:51
(epstopdf)                    size: 102407 bytes
(epstopdf)             Command: <epstopdf --outfile=report_gr1-eps-converted-to
.pdf report_gr1.eps>
(epstopdf)             \includegraphics on input line 70.
Package epstopdf Info: Output file is already uptodate.

<report_gr1-eps-converted-to.pdf, id=13, 279.0425pt x 185.69376pt>
File: report_gr1-eps-converted-to.pdf Graphic file (type pdf)

<use report_gr1-eps-converted-to.pdf>
Package pdftex.def Info: report_gr1-eps-converted-to.pdf used on input line 70.

(pdftex.def)             Requested size: 211.38832pt x 140.67535pt.
Package epstopdf Info: Source file: <report_gr2.eps>
(epstopdf)                    date: 2013-01-10 16:21:51
(epstopdf)                    size: 316325 bytes
(epstopdf)             Output file: <report_gr2-eps-converted-to.pdf>
(epstopdf)                    date: 2013-01-10 16:21:51
(epstopdf)                    size: 75057 bytes
(epstopdf)             Command: <epstopdf --outfile=report_gr2-eps-converted-to
.pdf report_gr2.eps>
(epstopdf)             \includegraphics on input line 75.
Package epstopdf Info: Output file is already uptodate.

<report_gr2-eps-converted-to.pdf, id=14, 285.065pt x 189.70876pt>
File: report_gr2-eps-converted-to.pdf Graphic file (type pdf)

<use report_gr2-eps-converted-to.pdf>
Package pdftex.def Info: report_gr2-eps-converted-to.pdf used on input line 75.

(pdftex.def)             Requested size: 211.38832pt x 140.67754pt.
 [2 <C:/Users/Hayk/project-thesis/Deliverables/Midyear Report LaTeX/RHex.jpg>]
Package epstopdf Info: Source file: <report_gr4.eps>
(epstopdf)                    date: 2013-01-10 16:21:51
(epstopdf)                    size: 515758 bytes
(epstopdf)             Output file: <report_gr4-eps-converted-to.pdf>
(epstopdf)                    date: 2013-01-10 16:21:51
(epstopdf)                    size: 90238 bytes
(epstopdf)             Command: <epstopdf --outfile=report_gr4-eps-converted-to
.pdf report_gr4.eps>
(epstopdf)             \includegraphics on input line 93.
Package epstopdf Info: Output file is already uptodate.

<report_gr4-eps-converted-to.pdf, id=18, 289.08pt x 192.72pt>
File: report_gr4-eps-converted-to.pdf Graphic file (type pdf)

<use report_gr4-eps-converted-to.pdf>
Package pdftex.def Info: report_gr4-eps-converted-to.pdf used on input line 93.

(pdftex.def)             Requested size: 211.38832pt x 140.92555pt.
Package epstopdf Info: Source file: <report_gr5.eps>
(epstopdf)                    date: 2013-01-10 16:21:51
(epstopdf)                    size: 380975 bytes
(epstopdf)             Output file: <report_gr5-eps-converted-to.pdf>
(epstopdf)                    date: 2013-01-10 16:21:51
(epstopdf)                    size: 76559 bytes
(epstopdf)             Command: <epstopdf --outfile=report_gr5-eps-converted-to
.pdf report_gr5.eps>
(epstopdf)             \includegraphics on input line 98.
Package epstopdf Info: Output file is already uptodate.

<report_gr5-eps-converted-to.pdf, id=19, 289.08pt x 166.6225pt>
File: report_gr5-eps-converted-to.pdf Graphic file (type pdf)

<use report_gr5-eps-converted-to.pdf>
Package pdftex.def Info: report_gr5-eps-converted-to.pdf used on input line 98.

(pdftex.def)             Requested size: 211.38832pt x 121.84189pt.
 [3 <C:/Users/Hayk/project-thesis/Deliverables/Midyear Report LaTeX/report_gr1-
eps-converted-to.pdf> <C:/Users/Hayk/project-thesis/Deliverables/Midyear Report
 LaTeX/report_gr2-eps-converted-to.pdf>]
[4 <C:/Users/Hayk/project-thesis/Deliverables/Midyear Report LaTeX/report_gr4-e
ps-converted-to.pdf> <C:/Users/Hayk/project-thesis/Deliverables/Midyear Report 
LaTeX/report_gr5-eps-converted-to.pdf>]
Package epstopdf Info: Source file: <report_gr6.eps>
(epstopdf)                    date: 2013-01-11 22:31:31
(epstopdf)                    size: 14678 bytes
(epstopdf)             Output file: <report_gr6-eps-converted-to.pdf>
(epstopdf)                    date: 2013-01-11 22:32:21
(epstopdf)                    size: 12381 bytes
(epstopdf)             Command: <epstopdf --outfile=report_gr6-eps-converted-to
.pdf report_gr6.eps>
(epstopdf)             \includegraphics on input line 147.
Package epstopdf Info: Output file is already uptodate.

<report_gr6-eps-converted-to.pdf, id=49, 274.02374pt x 144.54pt>
File: report_gr6-eps-converted-to.pdf Graphic file (type pdf)

<use report_gr6-eps-converted-to.pdf>
Package pdftex.def Info: report_gr6-eps-converted-to.pdf used on input line 147
.
(pdftex.def)             Requested size: 274.02307pt x 144.53963pt.
 [5 <C:/Users/Hayk/project-thesis/Deliverables/Midyear Report LaTeX/report_gr6-
eps-converted-to.pdf>] [6]
Package epstopdf Info: Source file: <report_gr7.eps>
(epstopdf)                    date: 2013-01-10 16:21:51
(epstopdf)                    size: 17377 bytes
(epstopdf)             Output file: <report_gr7-eps-converted-to.pdf>
(epstopdf)                    date: 2013-01-10 16:21:51
(epstopdf)                    size: 15607 bytes
(epstopdf)             Command: <epstopdf --outfile=report_gr7-eps-converted-to
.pdf report_gr7.eps>
(epstopdf)             \includegraphics on input line 302.
Package epstopdf Info: Output file is already uptodate.

<report_gr7-eps-converted-to.pdf, id=62, 258.9675pt x 175.65625pt>
File: report_gr7-eps-converted-to.pdf Graphic file (type pdf)

<use report_gr7-eps-converted-to.pdf>
Package pdftex.def Info: report_gr7-eps-converted-to.pdf used on input line 302
.
(pdftex.def)             Requested size: 258.96684pt x 175.6558pt.
Package epstopdf Info: Source file: <report_gr8.eps>
(epstopdf)                    date: 2013-01-10 16:21:52
(epstopdf)                    size: 13092 bytes
(epstopdf)             Output file: <report_gr8-eps-converted-to.pdf>
(epstopdf)                    date: 2013-01-10 16:21:52
(epstopdf)                    size: 11334 bytes
(epstopdf)             Command: <epstopdf --outfile=report_gr8-eps-converted-to
.pdf report_gr8.eps>
(epstopdf)             \includegraphics on input line 317.
Package epstopdf Info: Output file is already uptodate.

<report_gr8-eps-converted-to.pdf, id=63, 257.96375pt x 169.63374pt>
File: report_gr8-eps-converted-to.pdf Graphic file (type pdf)

<use report_gr8-eps-converted-to.pdf>
Package pdftex.def Info: report_gr8-eps-converted-to.pdf used on input line 317
.
(pdftex.def)             Requested size: 257.9631pt x 169.63332pt.
 [7 <C:/Users/Hayk/project-thesis/Deliverables/Midyear Report LaTeX/report_gr7-
eps-converted-to.pdf>]
Package epstopdf Info: Source file: <report_gr3.eps>
(epstopdf)                    date: 2013-01-10 16:21:51
(epstopdf)                    size: 323838 bytes
(epstopdf)             Output file: <report_gr3-eps-converted-to.pdf>
(epstopdf)                    date: 2013-01-10 16:21:51
(epstopdf)                    size: 81021 bytes
(epstopdf)             Command: <epstopdf --outfile=report_gr3-eps-converted-to
.pdf report_gr3.eps>
(epstopdf)             \includegraphics on input line 330.
Package epstopdf Info: Output file is already uptodate.

<report_gr3-eps-converted-to.pdf, id=72, 287.0725pt x 191.71625pt>
File: report_gr3-eps-converted-to.pdf Graphic file (type pdf)

<use report_gr3-eps-converted-to.pdf>
Package pdftex.def Info: report_gr3-eps-converted-to.pdf used on input line 330
.
(pdftex.def)             Requested size: 341.44092pt x 199.18126pt.
 [8 <C:/Users/Hayk/project-thesis/Deliverables/Midyear Report LaTeX/report_gr8-
eps-converted-to.pdf>]
<Xjus2.png, id=80, 268.3626pt x 382.0674pt>
File: Xjus2.png Graphic file (type png)
 <use Xjus2.png>
Package pdftex.def Info: Xjus2.png used on input line 339.
(pdftex.def)             Requested size: 184.94107pt x 256.07709pt.

<Xjus3.png, id=82, 290.5254pt x 357.9774pt>
File: Xjus3.png Graphic file (type png)
 <use Xjus3.png>
Package pdftex.def Info: Xjus3.png used on input line 344.
(pdftex.def)             Requested size: 213.39839pt x 256.07753pt.

Overfull \hbox (2.01007pt too wide) in paragraph at lines 344--345
 [][] 
 []

[9 <C:/Users/Hayk/project-thesis/Deliverables/Midyear Report LaTeX/report_gr3-e
ps-converted-to.pdf> <C:/Users/Hayk/project-thesis/Deliverables/Midyear Report 
LaTeX/Xjus2.png> <C:/Users/Hayk/project-thesis/Deliverables/Midyear Report LaTe
X/Xjus3.png>] <Xjus1.png, id=92, 487.5816pt x 281.3712pt>
File: Xjus1.png Graphic file (type png)
 <use Xjus1.png>
Package pdftex.def Info: Xjus1.png used on input line 363.
(pdftex.def)             Requested size: 398.3464pt x 199.17387pt.

[10] <torquecalc.png, id=96, 385.44pt x 121.4136pt>
File: torquecalc.png Graphic file (type png)
 <use torquecalc.png>
Package pdftex.def Info: torquecalc.png used on input line 373.
(pdftex.def)             Requested size: 284.52713pt x 85.36316pt.

[11 <C:/Users/Hayk/project-thesis/Deliverables/Midyear Report LaTeX/Xjus1.png> 
<C:/Users/Hayk/project-thesis/Deliverables/Midyear Report LaTeX/torquecalc.png>
]
LaTeX Font Info:    Try loading font information for OMS+cmr on input line 409.

 ("C:\Program Files (x86)\MiKTeX 2.9\tex\latex\base\omscmr.fd"
File: omscmr.fd 1999/05/25 v2.5h Standard LaTeX font definitions
)
LaTeX Font Info:    Font shape `OMS/cmr/m/n' in size <10.95> not available
(Font)              Font shape `OMS/cmsy/m/n' tried instead on input line 409.
 [12]
<leg_analysis.png, id=105, 466.3824pt x 318.4698pt>
File: leg_analysis.png Graphic file (type png)
 <use leg_analysis.png>
Package pdftex.def Info: leg_analysis.png used on input line 461.
(pdftex.def)             Requested size: 284.52843pt x 199.16461pt.

<bodyplanes.png, id=106, 434.1018pt x 270.7716pt>
File: bodyplanes.png Graphic file (type png)
 <use bodyplanes.png>
Package pdftex.def Info: bodyplanes.png used on input line 468.
(pdftex.def)             Requested size: 284.52754pt x 199.16966pt.
 [13 <C:/Users/Hayk/project-thesis/Deliverables/Midyear Report LaTeX/leg_analys
is.png>]
[14 <C:/Users/Hayk/project-thesis/Deliverables/Midyear Report LaTeX/bodyplanes.
png>] <joint1.png, id=116, 229.8186pt x 196.5744pt>
File: joint1.png Graphic file (type png)
 <use joint1.png>
Package pdftex.def Info: joint1.png used on input line 483.
(pdftex.def)             Requested size: 170.71886pt x 170.7244pt.

Underfull \hbox (badness 10000) in paragraph at lines 484--484

 []

<joint2.png, id=117, 217.7736pt x 197.0562pt>
File: joint2.png Graphic file (type png)
 <use joint2.png>
Package pdftex.def Info: joint2.png used on input line 490.
(pdftex.def)             Requested size: 170.72003pt x 170.72188pt.

<joint3.png, id=118, 369.0588pt x 158.0304pt>
File: joint3.png Graphic file (type png)
 <use joint3.png>
Package pdftex.def Info: joint3.png used on input line 504.
(pdftex.def)             Requested size: 227.62587pt x 142.27667pt.

Overfull \hbox (16.23755pt too wide) in paragraph at lines 504--505
 [][] 
 []


Underfull \hbox (badness 10000) in paragraph at lines 505--505

 []


Underfull \hbox (badness 10000) in paragraph at lines 505--505

 []

<joint4.png, id=119, 369.0588pt x 195.129pt>
File: joint4.png Graphic file (type png)
 <use joint4.png>
Package pdftex.def Info: joint4.png used on input line 511.
(pdftex.def)             Requested size: 227.62587pt x 142.26433pt.

Overfull \hbox (16.23755pt too wide) in paragraph at lines 511--512
 [][] 
 []

[15 <C:/Users/Hayk/project-thesis/Deliverables/Midyear Report LaTeX/joint1.png>
 <C:/Users/Hayk/project-thesis/Deliverables/Midyear Report LaTeX/joint2.png>]
<jointgraphs1.png, id=125, 365.2044pt x 267.399pt>
File: jointgraphs1.png Graphic file (type png)
 <use jointgraphs1.png>
Package pdftex.def Info: jointgraphs1.png used on input line 523.
(pdftex.def)             Requested size: 365.2035pt x 267.39835pt.

[16 <C:/Users/Hayk/project-thesis/Deliverables/Midyear Report LaTeX/joint3.png>
 <C:/Users/Hayk/project-thesis/Deliverables/Midyear Report LaTeX/joint4.png>]
<jointgraphs2.png, id=131, 375.804pt x 276.0714pt>
File: jointgraphs2.png Graphic file (type png)
 <use jointgraphs2.png>
Package pdftex.def Info: jointgraphs2.png used on input line 530.
(pdftex.def)             Requested size: 375.80309pt x 276.07071pt.

[17 <C:/Users/Hayk/project-thesis/Deliverables/Midyear Report LaTeX/jointgraphs
1.png>] <jointfbd.png, id=136, 470.7186pt x 100.2144pt>
File: jointfbd.png Graphic file (type png)
 <use jointfbd.png>
Package pdftex.def Info: jointfbd.png used on input line 537.
(pdftex.def)             Requested size: 398.36014pt x 85.36pt.

[18 <C:/Users/Hayk/project-thesis/Deliverables/Midyear Report LaTeX/jointgraphs
2.png> <C:/Users/Hayk/project-thesis/Deliverables/Midyear Report LaTeX/jointfbd
.png>] <macro_ControlLoop_PAYNE.png, id=142, 1120.185pt x 497.60907pt>
File: macro_ControlLoop_PAYNE.png Graphic file (type png)

<use macro_ControlLoop_PAYNE.png>
Package pdftex.def Info: macro_ControlLoop_PAYNE.png used on input line 561.
(pdftex.def)             Requested size: 398.34361pt x 184.94768pt.
Missing character: There is no ‚ in font cmr10!
Missing character: There is no Ä in font cmr10!
Missing character: There is no ì in font cmr10!
Missing character: There is no ‚ in font cmr10!
Missing character: There is no Ä in font cmr10!
Missing character: There is no ú in font cmr10!
Missing character: There is no ‚ in font cmr10!
Missing character: There is no Ä in font cmr10!
Missing character: There is no ù in font cmr10!
Missing character: There is no ‚ in font cmr10!
Missing character: There is no Ä in font cmr10!
Missing character: There is no ú in font cmr10!
Missing character: There is no ‚ in font cmr10!
Missing character: There is no Ä in font cmr10!
Missing character: There is no ù in font cmr10!
Missing character: There is no ‚ in font cmr10!
Missing character: There is no Ä in font cmr10!
Missing character: There is no ô in font cmr10!

<motorcontrolsketch.png, id=143, 341.5962pt x 318.4698pt>
File: motorcontrolsketch.png Graphic file (type png)

<use motorcontrolsketch.png>
Package pdftex.def Info: motorcontrolsketch.png used on input line 574.
(pdftex.def)             Requested size: 426.79091pt x 398.33409pt.
 [19 <C:/Users/Hayk/project-thesis/Deliverables/Midyear Report LaTeX/macro_Cont
rolLoop_PAYNE.png>]
<cad_test_cart.png, id=148, 466.8642pt x 282.3348pt>
File: cad_test_cart.png Graphic file (type png)
 <use cad_test_cart.png>
Package pdftex.def Info: cad_test_cart.png used on input line 583.
(pdftex.def)             Requested size: 227.61853pt x 170.71614pt.

[20 <C:/Users/Hayk/project-thesis/Deliverables/Midyear Report LaTeX/motorcontro
lsketch.png>] [21 <C:/Users/Hayk/project-thesis/Deliverables/Midyear Report LaT
eX/cad_test_cart.png>]
("C:\Users\Hayk\project-thesis\Deliverables\Midyear Report LaTeX\midyearreport.
aux") ) 
Here is how much of TeX's memory you used:
 4371 strings out of 494045
 65178 string characters out of 3145972
 133666 words of memory out of 3000000
 7558 multiletter control sequences out of 15000+200000
 15293 words of font info for 58 fonts, out of 3000000 for 9000
 715 hyphenation exceptions out of 8191
 42i,16n,38p,1579b,345s stack positions out of 5000i,500n,10000p,200000b,50000s
<C:/Program Files (x86)/MiKTeX 2.9/fonts/type1/public/amsfonts/cm/cmbx10
.pfb><C:/Program Files (x86)/MiKTeX 2.9/fonts/type1/public/amsfonts/cm/cmbx12.p
fb><C:/Program Files (x86)/MiKTeX 2.9/fonts/type1/public/amsfonts/cm/cmex10.pfb
><C:/Program Files (x86)/MiKTeX 2.9/fonts/type1/public/amsfonts/cm/cmmi10.pfb><
C:/Program Files (x86)/MiKTeX 2.9/fonts/type1/public/amsfonts/cm/cmmi6.pfb><C:/
Program Files (x86)/MiKTeX 2.9/fonts/type1/public/amsfonts/cm/cmmi8.pfb><C:/Pro
gram Files (x86)/MiKTeX 2.9/fonts/type1/public/amsfonts/cm/cmr10.pfb><C:/Progra
m Files (x86)/MiKTeX 2.9/fonts/type1/public/amsfonts/cm/cmr12.pfb><C:/Program F
iles (x86)/MiKTeX 2.9/fonts/type1/public/amsfonts/cm/cmr17.pfb><C:/Program File
s (x86)/MiKTeX 2.9/fonts/type1/public/amsfonts/cm/cmr6.pfb><C:/Program Files (x
86)/MiKTeX 2.9/fonts/type1/public/amsfonts/cm/cmr8.pfb><C:/Program Files (x86)/
MiKTeX 2.9/fonts/type1/public/amsfonts/cm/cmr9.pfb><C:/Program Files (x86)/MiKT
eX 2.9/fonts/type1/public/amsfonts/cm/cmsy10.pfb><C:/Program Files (x86)/MiKTeX
 2.9/fonts/type1/public/amsfonts/cm/cmsy8.pfb><C:/Program Files (x86)/MiKTeX 2.
9/fonts/type1/public/amsfonts/cm/cmti10.pfb><C:/Program Files (x86)/MiKTeX 2.9/
fonts/type1/public/amsfonts/cm/cmtt9.pfb>
Output written on midyearreport.pdf (21 pages, 2868329 bytes).
PDF statistics:
 207 PDF objects out of 1000 (max. 8388607)
 0 named destinations out of 1000 (max. 500000)
 126 words of extra memory for PDF output out of 10000 (max. 10000000)

